[0;34mNo config file found; using defaults[0m

PLAY [Deploy Tower] ************************************************************************************************************************************************************************************************************************************************************

TASK [preflight : include_tasks] ***********************************************************************************************************************************************************************************************************************************************
[0;36mincluded: /Users/jlbuenosvinos/OneDrive/RedHat/Doc/OpenShift/GIT/ocp-microservices-ddd/doc/tower/ansible-tower-openshift-setup-3.4.3/roles/preflight/tasks/check_openshift.yml for localhost[0m

TASK [preflight : openshift_project should be defined] *************************************************************************************************************************************************************************************************************************
[0;32mok: [localhost] => {[0m
[0;32m    "changed": false, [0m
[0;32m    "msg": "All assertions passed"[0m
[0;32m}[0m

TASK [preflight : openshift_user should be defined] ****************************************************************************************************************************************************************************************************************************
[0;32mok: [localhost] => {[0m
[0;32m    "changed": false, [0m
[0;32m    "msg": "All assertions passed"[0m
[0;32m}[0m

TASK [preflight : openshift_password should be defined] ************************************************************************************************************************************************************************************************************************
[0;31mfatal: [localhost]: FAILED! => {[0m
[0;31m    "assertion": "openshift_password is defined and openshift_password != ''", [0m
[0;31m    "changed": false, [0m
[0;31m    "evaluated_to": false, [0m
[0;31m    "msg": "Set the value of 'openshift_password' in the inventory file."[0m
[0;31m}[0m

PLAY RECAP *********************************************************************************************************************************************************************************************************************************************************************
[0;31mlocalhost[0m                  : [0;32mok=3   [0m changed=0    unreachable=0    [0;31mfailed=1   [0m skipped=0    rescued=0    ignored=0   

