[0;34mNo config file found; using defaults[0m

PLAY [Deploy Tower] ************************************************************************************************************************************************************************************************************************************************************

TASK [preflight : include_tasks] ***********************************************************************************************************************************************************************************************************************************************
[0;36mincluded: /Users/jlbuenosvinos/OneDrive/RedHat/Doc/OpenShift/GIT/ocp-microservices-ddd/doc/tower/ansible-tower-openshift-setup-3.4.3/roles/preflight/tasks/check_openshift.yml for localhost[0m

TASK [preflight : openshift_project should be defined] *************************************************************************************************************************************************************************************************************************
[0;32mok: [localhost] => {[0m
[0;32m    "changed": false, [0m
[0;32m    "msg": "All assertions passed"[0m
[0;32m}[0m

TASK [preflight : openshift_user should be defined] ****************************************************************************************************************************************************************************************************************************
[0;32mok: [localhost] => {[0m
[0;32m    "changed": false, [0m
[0;32m    "msg": "All assertions passed"[0m
[0;32m}[0m

TASK [preflight : openshift_password should be defined] ************************************************************************************************************************************************************************************************************************
[0;32mok: [localhost] => {[0m
[0;32m    "changed": false, [0m
[0;32m    "msg": "All assertions passed"[0m
[0;32m}[0m

TASK [preflight : Check if the oc command is installed] ************************************************************************************************************************************************************************************************************************
[0;33mchanged: [localhost] => {"changed": true, "cmd": "type oc", "delta": "0:00:00.008865", "end": "2019-05-24 06:33:23.641636", "rc": 0, "start": "2019-05-24 06:33:23.632771", "stderr": "", "stderr_lines": [], "stdout": "oc is /Applications/RedHat/oc", "stdout_lines": ["oc is /Applications/RedHat/oc"]}[0m

TASK [preflight : Ensure OpenShift CLI is installed] ***************************************************************************************************************************************************************************************************************************
[0;32mok: [localhost] => {[0m
[0;32m    "changed": false, [0m
[0;32m    "msg": "All assertions passed"[0m
[0;32m}[0m

TASK [preflight : include_tasks] ***********************************************************************************************************************************************************************************************************************************************
[0;36mskipping: [localhost] => {"changed": false, "skip_reason": "Conditional result was False"}[0m

TASK [preflight : Check if inventory file variables are defined] ***************************************************************************************************************************************************************************************************************
[1;35m [WARNING]: conditional statements should not include jinja2 templating delimiters such as {{ }} or {% %}. Found: {{item}} is undefined or {{item}} == ''[0m
[1;35m[0m
[0;36mskipping: [localhost] => (item=admin_password)  => {"ansible_loop_var": "item", "changed": false, "item": "admin_password", "skip_reason": "Conditional result was False"}[0m
[0;36mskipping: [localhost] => (item=secret_key)  => {"ansible_loop_var": "item", "changed": false, "item": "secret_key", "skip_reason": "Conditional result was False"}[0m
[0;36mskipping: [localhost] => (item=pg_username)  => {"ansible_loop_var": "item", "changed": false, "item": "pg_username", "skip_reason": "Conditional result was False"}[0m
[0;36mskipping: [localhost] => (item=pg_password)  => {"ansible_loop_var": "item", "changed": false, "item": "pg_password", "skip_reason": "Conditional result was False"}[0m
[0;36mskipping: [localhost] => (item=rabbitmq_password)  => {"ansible_loop_var": "item", "changed": false, "item": "rabbitmq_password", "skip_reason": "Conditional result was False"}[0m
[0;36mskipping: [localhost] => (item=rabbitmq_erlang_cookie)  => {"ansible_loop_var": "item", "changed": false, "item": "rabbitmq_erlang_cookie", "skip_reason": "Conditional result was False"}[0m

TASK [kubernetes : fail] *******************************************************************************************************************************************************************************************************************************************************
[0;36mskipping: [localhost] => {"changed": false, "skip_reason": "Conditional result was False"}[0m

TASK [kubernetes : include_tasks] **********************************************************************************************************************************************************************************************************************************************
[0;36mincluded: /Users/jlbuenosvinos/OneDrive/RedHat/Doc/OpenShift/GIT/ocp-microservices-ddd/doc/tower/ansible-tower-openshift-setup-3.4.3/roles/kubernetes/tasks/openshift_auth.yml for localhost[0m
[0;36mincluded: /Users/jlbuenosvinos/OneDrive/RedHat/Doc/OpenShift/GIT/ocp-microservices-ddd/doc/tower/ansible-tower-openshift-setup-3.4.3/roles/kubernetes/tasks/openshift.yml for localhost[0m

TASK [kubernetes : include_vars] ***********************************************************************************************************************************************************************************************************************************************
[0;32mok: [localhost] => {"ansible_facts": {"openshift_oc_bin": "oc --config={{ openshift_oc_config_file }}", "openshift_oc_config_file": "{{ kubernetes_base_path }}/.kube/config"}, "ansible_included_var_files": ["/Users/jlbuenosvinos/OneDrive/RedHat/Doc/OpenShift/GIT/ocp-microservices-ddd/doc/tower/ansible-tower-openshift-setup-3.4.3/roles/kubernetes/vars/openshift.yml"], "changed": false}[0m

TASK [kubernetes : Set kubernetes_namespace] ***********************************************************************************************************************************************************************************************************************************
[0;32mok: [localhost] => {"ansible_facts": {"kubernetes_namespace": "cicd-ocpadmin"}, "changed": false}[0m

TASK [kubernetes : Ensure workspace directories exist] *************************************************************************************************************************************************************************************************************************
[0;32mok: [localhost] => (item=/tmp/ansible-tower-config) => {"ansible_loop_var": "item", "changed": false, "gid": 0, "group": "wheel", "item": "/tmp/ansible-tower-config", "mode": "0755", "owner": "jlbuenosvinos", "path": "/tmp/ansible-tower-config", "size": 102, "state": "directory", "uid": 501}[0m
[0;32mok: [localhost] => (item=/tmp/ansible-tower-config/.kube) => {"ansible_loop_var": "item", "changed": false, "gid": 0, "group": "wheel", "item": "/tmp/ansible-tower-config/.kube", "mode": "0755", "owner": "jlbuenosvinos", "path": "/tmp/ansible-tower-config/.kube", "size": 68, "state": "directory", "uid": 501}[0m

TASK [kubernetes : Authenticate with OpenShift via user and password] **********************************************************************************************************************************************************************************************************
[0;31mfatal: [localhost]: FAILED! => {"censored": "the output has been hidden due to the fact that 'no_log: true' was specified for this result", "changed": true}[0m
[0;36m...ignoring[0m

TASK [kubernetes : OpenShift authentication failed on TLS verification] ********************************************************************************************************************************************************************************************************
[0;35m[DEPRECATION WARNING]: Using tests as filters is deprecated. Instead of using `result|search` use `result is search`. This feature will be removed in version 2.9. Deprecation warnings can be disabled by setting deprecation_warnings=False in ansible.cfg.[0m
[0;36mskipping: [localhost] => {"changed": false, "skip_reason": "Conditional result was False"}[0m

TASK [kubernetes : OpenShift authentication failed] ****************************************************************************************************************************************************************************************************************************
[0;31mfatal: [localhost]: FAILED! => {"changed": false, "msg": "error: The server uses a certificate signed by unknown authority. You may need to use the --certificate-authority flag to provide the path to a certificate file for the certificate authority, or --insecure-skip-tls-verify to bypass the certificate check and use insecure connections."}[0m

PLAY RECAP *********************************************************************************************************************************************************************************************************************************************************************
[0;31mlocalhost[0m                  : [0;32mok=12  [0m [0;33mchanged=2   [0m unreachable=0    [0;31mfailed=1   [0m [0;36mskipped=4   [0m rescued=0    [1;35mignored=1   [0m

